<?xml version="1.0" encoding="UTF-8" ?>
<testsuite name="com.avanttic.appadf.model.bc.service.AllAppModuleAMTests" timestamp="2017-02-27T20:47:39" hostname="AVTP113" tests="1" failures="0" errors="1" time="0.0">
  <properties>
[...]
</properties>
  <error message="com.avanttic.appadf.model.bc.service.AllAppModuleAMTests" type="java.lang.ClassNotFoundException">java.lang.ClassNotFoundException: com.avanttic.appadf.model.bc.service.AllAppModuleAMTests
	at java.net.URLClassLoader$1.run(URLClassLoader.java:202)
	at java.security.AccessController.doPrivileged(Native Method)
	at java.net.URLClassLoader.findClass(URLClassLoader.java:190)
	at java.lang.ClassLoader.loadClass(ClassLoader.java:306)
	at sun.misc.Launcher$AppClassLoader.loadClass(Launcher.java:301)
	at java.lang.ClassLoader.loadClass(ClassLoader.java:247)
	at java.lang.Class.forName0(Native Method)
	at java.lang.Class.forName(Class.java:169)
</error>
  <system-out><![CDATA[]]></system-out>
  <system-err><![CDATA[]]></system-err>
</testsuite>
